
Showing logs for build [32mcb-kubecd-environment-pr-187-21-fgsdz-1[0m stage [32mfrom-build-pack[0m and container [32mstep-credential-initializer-wmb9h[0m
{"level":"warn","ts":1584798684.3187516,"logger":"fallback-logger","caller":"logging/config.go:69","msg":"Fetch GitHub commit ID from kodata failed: \"ref: refs/heads/0.8.0-**-support-backwards-incompats\" is not a valid GitHub commit ID"}
{"level":"info","ts":1584798684.3194153,"logger":"fallback-logger","caller":"creds-init/main.go:40","msg":"Credentials initialized."}

Showing logs for build [32mcb-kubecd-environment-pr-187-21-fgsdz-1[0m stage [32mfrom-build-pack[0m and container [32mstep-working-dir-initializer-pph25[0m
{"level":"warn","ts":1584798684.9834235,"logger":"fallback-logger","caller":"logging/config.go:69","msg":"Fetch GitHub commit ID from kodata failed: open /var/run/ko/HEAD: no such file or directory"}
{"level":"info","ts":1584798684.984886,"logger":"fallback-logger","caller":"bash/main.go:64","msg":"Successfully executed command \"sh -c mkdir -p /workspace/source\"; output "}

Showing logs for build [32mcb-kubecd-environment-pr-187-21-fgsdz-1[0m stage [32mfrom-build-pack[0m and container [32mstep-place-tools[0m

Showing logs for build [32mcb-kubecd-environment-pr-187-21-fgsdz-1[0m stage [32mfrom-build-pack[0m and container [32mstep-git-source-cb-kubecd-environment-pr-187-21-fgsdz-xfm72[0m
{"level":"warn","ts":1584798689.1864414,"logger":"fallback-logger","caller":"logging/config.go:69","msg":"Fetch GitHub commit ID from kodata failed: \"ref: refs/heads/0.8.0-**-support-backwards-incompats\" is not a valid GitHub commit ID"}
{"level":"info","ts":1584798690.2328475,"logger":"fallback-logger","caller":"git/git.go:103","msg":"Successfully cloned https://github.com/cb-kubecd/environment-pr-187-21-boot-gke-staging.git @ master in path /workspace/source"}

Showing logs for build [32mcb-kubecd-environment-pr-187-21-fgsdz-1[0m stage [32mfrom-build-pack[0m and container [32mstep-git-merge[0m
Using SHAs from PULL_REFS=master:1f1b8c66a8f937a0a595c4cc0af130dc96ed7a71,8:ea323a7421d8e8452de0846368e152be02e20415
DEBUG: JX_LOG_LEVEL=error LC_ALL=C git fetch origin --unshallow ea323a7421d8e8452de0846368e152be02e20415: 1f1b8c66a8f937a0a595c4cc0af130dc96ed7a71:
DEBUG: ran git fetch --unshallow origin ea323a7421d8e8452de0846368e152be02e20415: 1f1b8c66a8f937a0a595c4cc0af130dc96ed7a71: in 
DEBUG: LC_ALL=C JX_LOG_LEVEL=error git branch
DEBUG: LC_ALL=C JX_LOG_LEVEL=error git checkout master
DEBUG: ran git checkout master in 
DEBUG: LC_ALL=C JX_LOG_LEVEL=error git reset --hard 1f1b8c66a8f937a0a595c4cc0af130dc96ed7a71
DEBUG: ran git reset --hard 1f1b8c66a8f937a0a595c4cc0af130dc96ed7a71 in 
DEBUG: JX_LOG_LEVEL=error LC_ALL=C git clean -fd .
DEBUG: ran clean --force -d . in 
DEBUG: LC_ALL=C JX_LOG_LEVEL=error git merge ea323a7421d8e8452de0846368e152be02e20415
DEBUG: ran git merge ea323a7421d8e8452de0846368e152be02e20415 in 
DEBUG: LC_ALL=C JX_LOG_LEVEL=error git log --format=%H%x1f%an%x1f%ae%x1f%cn%x1f%ce%x1f%s%n%b%x1e 1f1b8c66a8f937a0a595c4cc0af130dc96ed7a71..HEAD
Merged SHA ea323a7421d8e8452de0846368e152be02e20415 with commit message 'chore: Promote bdd-sbhg-import-1584796803 to version 0.0.1' into base branch master

Showing logs for build [32mcb-kubecd-environment-pr-187-21-fgsdz-1[0m stage [32mfrom-build-pack[0m and container [32mstep-build-helm-build[0m
WARNING: No $CHART_REPOSITORY defined so using the default value of: http://jenkins-x-chartmuseum:8080
Adding missing Helm repo: storage.googleapis.com https://storage.googleapis.com/chartmuseum.jenkins-x.io
WARNING: No secrets found on "helm/repos" due: reading the secret "helm/repos" from vault: no secret "helm/repos" not found in vault
Read credentials for https://storage.googleapis.com/chartmuseum.jenkins-x.io from vault helm/repos
Successfully added Helm repository storage.googleapis.com.
Adding missing Helm repo: jenkins-x-chartmuseum http://jenkins-x-chartmuseum:8080
WARNING: No secrets found on "helm/repos" due: reading the secret "helm/repos" from vault: no secret "helm/repos" not found in vault
Read credentials for http://jenkins-x-chartmuseum:8080 from vault helm/repos
Successfully added Helm repository jenkins-x-chartmuseum.
WARNING: No $CHART_REPOSITORY defined so using the default value of: http://jenkins-x-chartmuseum:8080
Adding missing Helm repo: chartmuseum.jenkins-x.io http://chartmuseum.jenkins-x.io
WARNING: No secrets found on "helm/repos" due: reading the secret "helm/repos" from vault: no secret "helm/repos" not found in vault
Read credentials for http://chartmuseum.jenkins-x.io from vault helm/repos
Successfully added Helm repository chartmuseum.jenkins-x.io.
