
Showing logs for build [32mcb-kubecd-environment-pr-187-21-b6zjg-1[0m stage [32mfrom-build-pack[0m and container [32mstep-credential-initializer-fpq27[0m
{"level":"warn","ts":1584796984.3271027,"logger":"fallback-logger","caller":"logging/config.go:69","msg":"Fetch GitHub commit ID from kodata failed: \"ref: refs/heads/0.8.0-**-support-backwards-incompats\" is not a valid GitHub commit ID"}
{"level":"info","ts":1584796984.3280566,"logger":"fallback-logger","caller":"creds-init/main.go:40","msg":"Credentials initialized."}

Showing logs for build [32mcb-kubecd-environment-pr-187-21-b6zjg-1[0m stage [32mfrom-build-pack[0m and container [32mstep-working-dir-initializer-8fkt2[0m
{"level":"warn","ts":1584796985.6883252,"logger":"fallback-logger","caller":"logging/config.go:69","msg":"Fetch GitHub commit ID from kodata failed: open /var/run/ko/HEAD: no such file or directory"}
{"level":"info","ts":1584796985.694786,"logger":"fallback-logger","caller":"bash/main.go:64","msg":"Successfully executed command \"sh -c mkdir -p /workspace/source\"; output "}

Showing logs for build [32mcb-kubecd-environment-pr-187-21-b6zjg-1[0m stage [32mfrom-build-pack[0m and container [32mstep-place-tools[0m

Showing logs for build [32mcb-kubecd-environment-pr-187-21-b6zjg-1[0m stage [32mfrom-build-pack[0m and container [32mstep-git-source-cb-kubecd-environment-pr-187-21-b6zjg-p8g7f[0m
{"level":"warn","ts":1584796989.809106,"logger":"fallback-logger","caller":"logging/config.go:69","msg":"Fetch GitHub commit ID from kodata failed: \"ref: refs/heads/0.8.0-**-support-backwards-incompats\" is not a valid GitHub commit ID"}
{"level":"info","ts":1584796990.8692353,"logger":"fallback-logger","caller":"git/git.go:103","msg":"Successfully cloned https://github.com/cb-kubecd/environment-pr-187-21-boot-gke-staging.git @ master in path /workspace/source"}

Showing logs for build [32mcb-kubecd-environment-pr-187-21-b6zjg-1[0m stage [32mfrom-build-pack[0m and container [32mstep-git-merge[0m
Using SHAs from PULL_REFS=master:b84617e9f40be5a21ccf27d171c9643f09c24d04,5:732479b51902939f4e9dfac4393012fd862e9dbe
DEBUG: LC_ALL=C JX_LOG_LEVEL=error git fetch origin --unshallow 732479b51902939f4e9dfac4393012fd862e9dbe: b84617e9f40be5a21ccf27d171c9643f09c24d04:
DEBUG: ran git fetch --unshallow origin 732479b51902939f4e9dfac4393012fd862e9dbe: b84617e9f40be5a21ccf27d171c9643f09c24d04: in 
DEBUG: LC_ALL=C JX_LOG_LEVEL=error git branch
DEBUG: JX_LOG_LEVEL=error LC_ALL=C git checkout master
DEBUG: ran git checkout master in 
DEBUG: LC_ALL=C JX_LOG_LEVEL=error git reset --hard b84617e9f40be5a21ccf27d171c9643f09c24d04
DEBUG: ran git reset --hard b84617e9f40be5a21ccf27d171c9643f09c24d04 in 
DEBUG: LC_ALL=C JX_LOG_LEVEL=error git clean -fd .
DEBUG: ran clean --force -d . in 
DEBUG: LC_ALL=C JX_LOG_LEVEL=error git merge 732479b51902939f4e9dfac4393012fd862e9dbe
DEBUG: ran git merge 732479b51902939f4e9dfac4393012fd862e9dbe in 
DEBUG: LC_ALL=C JX_LOG_LEVEL=error git log --format=%H%x1f%an%x1f%ae%x1f%cn%x1f%ce%x1f%s%n%b%x1e b84617e9f40be5a21ccf27d171c9643f09c24d04..HEAD
Merged SHA 732479b51902939f4e9dfac4393012fd862e9dbe with commit message 'chore: Promote bdd-ghf**y-import-1584796803 to version 0.0.1' into base branch master

Showing logs for build [32mcb-kubecd-environment-pr-187-21-b6zjg-1[0m stage [32mfrom-build-pack[0m and container [32mstep-build-helm-build[0m
WARNING: No $CHART_REPOSITORY defined so using the default value of: http://jenkins-x-chartmuseum:8080
Adding missing Helm repo: storage.googleapis.com https://storage.googleapis.com/chartmuseum.jenkins-x.io
WARNING: No secrets found on "helm/repos" due: reading the secret "helm/repos" from vault: no secret "helm/repos" not found in vault
Read credentials for https://storage.googleapis.com/chartmuseum.jenkins-x.io from vault helm/repos
Successfully added Helm repository storage.googleapis.com.
Adding missing Helm repo: jenkins-x-chartmuseum http://jenkins-x-chartmuseum:8080
WARNING: No secrets found on "helm/repos" due: reading the secret "helm/repos" from vault: no secret "helm/repos" not found in vault
Read credentials for http://jenkins-x-chartmuseum:8080 from vault helm/repos
Successfully added Helm repository jenkins-x-chartmuseum.
WARNING: No $CHART_REPOSITORY defined so using the default value of: http://jenkins-x-chartmuseum:8080
Adding missing Helm repo: chartmuseum.jenkins-x.io http://chartmuseum.jenkins-x.io
WARNING: No secrets found on "helm/repos" due: reading the secret "helm/repos" from vault: no secret "helm/repos" not found in vault
Read credentials for http://chartmuseum.jenkins-x.io from vault helm/repos
Successfully added Helm repository chartmuseum.jenkins-x.io.
